2024-07-23 19:02:03,614 - my_logger - DEBUG - Debug message for Project 1
2024-07-23 19:02:03,615 - my_logger - INFO - Info message for Project 1
2024-07-23 19:02:03,617 - my_logger - DEBUG - Debug message for Project 2
2024-07-23 19:02:03,617 - my_logger - INFO - Info message for Project 2
2024-07-23 19:04:08,175 - my_logger - DEBUG - Debug message for Project 1
2024-07-23 19:04:08,175 - my_logger - INFO - Info message for Project 1
2024-07-23 19:04:08,176 - my_logger - DEBUG - Debug message for Project 2
2024-07-23 19:04:08,176 - my_logger - INFO - Info message for Project 2
2024-07-23 19:12:51,426 - my_logger - DEBUG - Debug message for Project 1
2024-07-23 19:12:51,426 - my_logger - INFO - Info message for Project 1
2024-07-23 19:12:51,428 - my_logger - DEBUG - Debug message for Project 2
2024-07-23 19:12:51,428 - my_logger - INFO - Info message for Project 2
2024-07-23 19:13:05,806 - my_logger - DEBUG - Debug message for Project 1
2024-07-23 19:13:05,806 - my_logger - INFO - Info message for Project 1
2024-07-23 19:13:05,808 - my_logger - DEBUG - Debug message for Project 2
2024-07-23 19:13:05,808 - my_logger - INFO - Info message for Project 2
2024-07-23 19:23:14,635 - my_logger - DEBUG - Debug message for Project 1
2024-07-23 19:23:14,635 - my_logger - INFO - Info message for Project 1
2024-07-23 19:23:14,637 - my_logger - DEBUG - Debug message for Project 2
2024-07-23 19:23:14,637 - my_logger - INFO - Info message for Project 2
2024-07-23 19:23:57,699 - my_logger - DEBUG - Debug message for Project 1
2024-07-23 19:23:57,699 - my_logger - INFO - Info message for Project 1
2024-07-23 19:23:57,701 - my_logger - DEBUG - Debug message for Project 2
2024-07-23 19:23:57,701 - my_logger - INFO - Info message for Project 2
2024-07-23 19:24:14,477 - my_logger - DEBUG - Debug message for Project 1
2024-07-23 19:24:14,478 - my_logger - INFO - Info message for Project 1
2024-07-23 19:24:14,479 - my_logger - DEBUG - Debug message for Project 2
2024-07-23 19:24:14,479 - my_logger - INFO - Info message for Project 2
2024-07-23 19:26:45,991 - my_logger - DEBUG - Debug message for Project 1
2024-07-23 19:26:45,991 - my_logger - INFO - Info message for Project 1
2024-07-23 19:26:45,991 - my_logger - DEBUG - Debug message for Project 2
2024-07-23 19:26:45,991 - my_logger - INFO - Info message for Project 2
2024-07-23 19:27:04,905 - my_logger - DEBUG - Debug message for Project 1
2024-07-23 19:27:04,905 - my_logger - INFO - Info message for Project 1
2024-07-23 19:27:04,905 - my_logger - DEBUG - Debug message for Project 2
2024-07-23 19:27:04,905 - my_logger - INFO - Info message for Project 2
2024-07-23 19:41:15 - my_logger - DEBUG - Debug message for Project 1
2024-07-23 19:41:15 - my_logger - INFO - Info message for Project 1
2024-07-23 19:41:15 - my_logger - DEBUG - Debug message for Project 2
2024-07-23 19:41:15 - my_logger - INFO - Info message for Project 2
2024-07-23 19:41:32 - my_logger - DEBUG - Debug message for Project 1
2024-07-23 19:41:32 - my_logger - INFO - Info message for Project 1
2024-07-23 19:41:32 - my_logger - DEBUG - Debug message for Project 2
2024-07-23 19:41:32 - my_logger - INFO - Info message for Project 2
2024-07-23 19:41:43 - my_logger - DEBUG - Debug message for Project 1
2024-07-23 19:41:43 - my_logger - INFO - Info message for Project 1
2024-07-23 19:41:43 - my_logger - DEBUG - Debug message for Project 2
2024-07-23 19:41:43 - my_logger - INFO - Info message for Project 2
2024-07-23 19:41:48 - my_logger - DEBUG - Debug message for Project 1
2024-07-23 19:41:48 - my_logger - INFO - Info message for Project 1
2024-07-23 19:41:48 - my_logger - DEBUG - Debug message for Project 2
2024-07-23 19:41:48 - my_logger - INFO - Info message for Project 2
2024-07-23 19:41:59 - my_logger - DEBUG - Debug message for Project 1
2024-07-23 19:41:59 - my_logger - INFO - Info message for Project 1
2024-07-23 19:41:59 - my_logger - DEBUG - Debug message for Project 2
2024-07-23 19:41:59 - my_logger - INFO - Info message for Project 2
2024-07-23 19:52:29 - 2024-07-23 19:52:29 - my_logger - DEBUG - Debug message for Project 1
2024-07-23 19:52:29 - 2024-07-23 19:52:29 - my_logger - INFO - Info message for Project 1
2024-07-23 19:52:29 - 2024-07-23 19:52:29 - my_logger - DEBUG - Debug message for Project 2
2024-07-23 19:52:29 - 2024-07-23 19:52:29 - my_logger - INFO - Info message for Project 2
